
                    Simulation Report

Simulation ended at time 500.29803
Statistics collected from instant 0.0 during 500.29803 time units.

          Observers' report
----------------------------------------------------------------------

Report from observer CA_MESSAGE_2_OBS
Statistics summary:
Queue length:
Average: 0.11689033 StdDev: 0.26586735 Variance: 0.070685446
 Minimum: 0.0 Maximum: 9.0 Observations: 43
----------------------------------------------------------------------
----------------------------------------------------------------------

Report from observer DOOR_POSITION_FEEDBACK_OBS
Statistics summary:
Active state idle time (or inter-arrival time for Generate states):
Average: 1.1453636 StdDev: 0.21277754 Variance: 0.04527428
 Minimum: 1.0969996 Maximum: 2.098 Observations: 22
----------------------------------------------------------------------
----------------------------------------------------------------------

Report from observer FEEDBACK_MESSAGE_3_OBS
Statistics summary:
Queue length:
Average: 0.116842374 StdDev: 0.16741017 Variance: 0.028026165
 Minimum: 0.0 Maximum: 9.0 Observations: 21
----------------------------------------------------------------------
----------------------------------------------------------------------

Report from observer DOOR_SENSORS_OBS
Statistics summary:
Number of resources permanencing in queue:
Average: 0.024571357 StdDev: 0.02666675 Variance: 7.111156E-4
 Minimum: 0.0 Maximum: 1.0 Observations: 21
----------------------------------------------------------------------
----------------------------------------------------------------------

Report from observer FEEDBACK_MESSAGE_1_OBS
Statistics summary:
Queue length:
Average: 0.11684034 StdDev: 0.2221941 Variance: 0.049370226
 Minimum: 0.0 Maximum: 9.0 Observations: 32
----------------------------------------------------------------------
----------------------------------------------------------------------

Report from observer DOOR_ACTUATOR_OBS
Statistics summary:
Number of resources permanencing in queue:
Average: 0.06753777 StdDev: 0.06822922 Variance: 0.004655227
 Minimum: 0.0 Maximum: 1.0 Observations: 65
----------------------------------------------------------------------
----------------------------------------------------------------------

Report from observer DOOR_CONTROLLER_OBS
Statistics summary:
Number of resources permanencing in queue:
Average: 0.07135145 StdDev: 0.07154553 Variance: 0.0051187617
 Minimum: 0.0 Maximum: 1.0 Observations: 87
----------------------------------------------------------------------
----------------------------------------------------------------------

Report from observer OPEN_OBS
Statistics summary:
Active state idle time (or inter-arrival time for Generate states):
Average: 1.0239094 StdDev: 0.138966 Variance: 0.019311547
 Minimum: 0.99799967 Maximum: 1.7980001 Observations: 33
----------------------------------------------------------------------
----------------------------------------------------------------------

Report from observer PHYSICAL_DOOR_OBS
Statistics summary:
Number of resources permanencing in queue:
Average: 0.050365973 StdDev: 0.05144223 Variance: 0.002646303
 Minimum: 0.0 Maximum: 1.0 Observations: 43
----------------------------------------------------------------------
----------------------------------------------------------------------

Report from observer OPEN_DOOR_OBS
Statistics summary:
Active state idle time (or inter-arrival time for Generate states):
Average: 0.8112953 StdDev: 0.07523556 Variance: 0.0056603896
 Minimum: 0.7989998 Maximum: 1.299 Observations: 44
----------------------------------------------------------------------
----------------------------------------------------------------------

Report from observer CA_MESSAGE_1_OBS
Statistics summary:
Queue length:
Average: 0.116868354 StdDev: 0.30307022 Variance: 0.091851555
 Minimum: 0.0 Maximum: 9.0 Observations: 54
----------------------------------------------------------------------
----------------------------------------------------------------------

Report from observer DOOR_SENSORS_FEEDBACK_OBS
Statistics summary:
Active state idle time (or inter-arrival time for Generate states):
Average: 1.1175456 StdDev: 0.39118403 Variance: 0.15302496
 Minimum: 0.9959998 Maximum: 2.2970002 Observations: 11
----------------------------------------------------------------------
----------------------------------------------------------------------

Report from observer FEEDBACK_MESSAGE_2_OBS
Statistics summary:
Queue length:
Average: 0.116878346 StdDev: 0.07866717 Variance: 0.006188524
 Minimum: 0.0 Maximum: 9.0 Observations: 10 
----------------------------------------------------------------------

          Histograms' report

Simulation Report End
