
                    Simulation Report

Simulation ended at time 500.00302
Statistics collected from instant 0.0 during 500.00302 time units.

          Observers' report
----------------------------------------------------------------------

Report from observer FB_4_OBS
Statistics summary:
Active state idle time (or inter-arrival time for Generate states):
Average: NaN StdDev: 0.0 Variance: 0.0
 Minimum: 3.4028235E38 Maximum: 0.0 Observations: 0
----------------------------------------------------------------------
----------------------------------------------------------------------

Report from observer Q_7_OBS
Statistics summary:
Queue length:
Average: 0.043963738 StdDev: 0.030691594 Variance: 9.4197394E-4
 Minimum: 0.0 Maximum: 9.0 Observations: 10
----------------------------------------------------------------------
----------------------------------------------------------------------

Report from observer Q_11_OBS
Statistics summary:
Queue length:
Average: 0.05394768 StdDev: 0.09054797 Variance: 0.008198936
 Minimum: 0.0 Maximum: 9.0 Observations: 16
----------------------------------------------------------------------
----------------------------------------------------------------------

Report from observer Q_2_OBS
Statistics summary:
Queue length:
Average: NaN StdDev: 0.0 Variance: 0.0
 Minimum: 3.4028235E38 Maximum: 0.0 Observations: 0
----------------------------------------------------------------------
----------------------------------------------------------------------

Report from observer Q_12_OBS
Statistics summary:
Queue length:
Average: 0.0 StdDev: 0.0 Variance: 0.0
 Minimum: 0.0 Maximum: 0.0 Observations: 11
----------------------------------------------------------------------
----------------------------------------------------------------------

Report from observer N_TRAFFIC_SENSOR_1_OBS
Statistics summary:
Number of resources permanencing in queue:
Average: NaN StdDev: 0.0 Variance: 0.0
 Minimum: 3.4028235E38 Maximum: 0.0 Observations: 0
----------------------------------------------------------------------
----------------------------------------------------------------------

Report from observer TRAFFIC_AGENT_OBS
Statistics summary:
Number of resources permanencing in queue:
Average: 0.031379815 StdDev: 0.031263147 Variance: 9.773844E-4
 Minimum: 0.0 Maximum: 1.0 Observations: 43
----------------------------------------------------------------------
----------------------------------------------------------------------

Report from observer FB_3_OBS
Statistics summary:
Active state idle time (or inter-arrival time for Generate states):
Average: NaN StdDev: 0.0 Variance: 0.0
 Minimum: 3.4028235E38 Maximum: 0.0 Observations: 0
----------------------------------------------------------------------
----------------------------------------------------------------------

Report from observer Q_3_OBS
Statistics summary:
Queue length:
Average: NaN StdDev: 0.0 Variance: 0.0
 Minimum: 3.4028235E38 Maximum: 0.0 Observations: 0
----------------------------------------------------------------------
----------------------------------------------------------------------

Report from observer SCCI_MODULE_OBS
Statistics summary:
Number of resources permanencing in queue:
Average: 0.014589918 StdDev: 0.01556958 Variance: 2.4241184E-4
 Minimum: 0.0 Maximum: 1.0 Observations: 21
----------------------------------------------------------------------
----------------------------------------------------------------------

Report from observer P_TRAFFIC_SENSOR_2_OBS
Statistics summary:
Number of resources permanencing in queue:
Average: NaN StdDev: 0.0 Variance: 0.0
 Minimum: 3.4028235E38 Maximum: 0.0 Observations: 0
----------------------------------------------------------------------
----------------------------------------------------------------------

Report from observer Q_4_OBS
Statistics summary:
Queue length:
Average: NaN StdDev: 0.0 Variance: 0.0
 Minimum: 3.4028235E38 Maximum: 0.0 Observations: 0
----------------------------------------------------------------------
----------------------------------------------------------------------

Report from observer A_3_OBS
Statistics summary:
Active state idle time (or inter-arrival time for Generate states):
Average: 0.5182728 StdDev: 0.40412194 Variance: 0.16331454
 Minimum: 0.29900002 Maximum: 1.6980001 Observations: 11
----------------------------------------------------------------------
----------------------------------------------------------------------

Report from observer Q_8_OBS
Statistics summary:
Queue length:
Average: 0.08998547 StdDev: 0.171128 Variance: 0.029284796
 Minimum: 0.0 Maximum: 9.0 Observations: 32
----------------------------------------------------------------------
----------------------------------------------------------------------

Report from observer N_TRAFFIC_SENSOR_2_OBS
Statistics summary:
Number of resources permanencing in queue:
Average: NaN StdDev: 0.0 Variance: 0.0
 Minimum: 3.4028235E38 Maximum: 0.0 Observations: 0
----------------------------------------------------------------------
----------------------------------------------------------------------

Report from observer Q_5_OBS
Statistics summary:
Queue length:
Average: NaN StdDev: 0.0 Variance: 0.0
 Minimum: 3.4028235E38 Maximum: 0.0 Observations: 0
----------------------------------------------------------------------
----------------------------------------------------------------------

Report from observer A_1_OBS
Statistics summary:
Active state idle time (or inter-arrival time for Generate states):
Average: 0.7131819 StdDev: 0.063839674 Variance: 0.0040755044
 Minimum: 0.6989994 Maximum: 0.9990001 Observations: 22
----------------------------------------------------------------------
----------------------------------------------------------------------

Report from observer P_TRAFFIC_SENSOR_1_OBS
Statistics summary:
Number of resources permanencing in queue:
Average: NaN StdDev: 0.0 Variance: 0.0
 Minimum: 3.4028235E38 Maximum: 0.0 Observations: 0
----------------------------------------------------------------------
----------------------------------------------------------------------

Report from observer FB_2_OBS
Statistics summary:
Active state idle time (or inter-arrival time for Generate states):
Average: 0.34581807 StdDev: 0.49176535 Variance: 0.24183317
 Minimum: 0.09899998 Maximum: 1.797 Observations: 11
----------------------------------------------------------------------
----------------------------------------------------------------------

Report from observer FB_1_OBS
Statistics summary:
Active state idle time (or inter-arrival time for Generate states):
Average: NaN StdDev: 0.0 Variance: 0.0
 Minimum: 3.4028235E38 Maximum: 0.0 Observations: 0
----------------------------------------------------------------------
----------------------------------------------------------------------

Report from observer Q_9_OBS
Statistics summary:
Queue length:
Average: 0.22489063 StdDev: 0.31262282 Variance: 0.09773301
 Minimum: 0.0 Maximum: 10.0 Observations: 32
----------------------------------------------------------------------
----------------------------------------------------------------------

Report from observer TRAFFIC_LIGHTS_OBS
Statistics summary:
Number of resources permanencing in queue:
Average: 0.0054199654 StdDev: 0.017771458 Variance: 3.1582476E-4
 Minimum: 0.0 Maximum: 1.0 Observations: 27
----------------------------------------------------------------------
----------------------------------------------------------------------

Report from observer FB_7_OBS
Statistics summary:
Active state idle time (or inter-arrival time for Generate states):
Average: NaN StdDev: 0.0 Variance: 0.0
 Minimum: 3.4028235E38 Maximum: 0.0 Observations: 0
----------------------------------------------------------------------
----------------------------------------------------------------------

Report from observer OUT_OBS
Statistics summary:
Queue length:
Average: NaN StdDev: 0.0 Variance: 0.0
 Minimum: 3.4028235E38 Maximum: 0.0 Observations: 0
----------------------------------------------------------------------
----------------------------------------------------------------------

Report from observer A_2_OBS
Statistics summary:
Active state idle time (or inter-arrival time for Generate states):
Average: 0.6631821 StdDev: 0.21087849 Variance: 0.044469737
 Minimum: 0.5980005 Maximum: 1.299 Observations: 11
----------------------------------------------------------------------
----------------------------------------------------------------------

Report from observer Q_1_OBS
Statistics summary:
Queue length:
Average: 0.044929728 StdDev: 0.03022534 Variance: 9.135713E-4
 Minimum: 0.0 Maximum: 9.0 Observations: 10
----------------------------------------------------------------------
----------------------------------------------------------------------

Report from observer INTERSECTION_OBS
Statistics summary:
Number of resources permanencing in queue:
Average: NaN StdDev: 0.0 Variance: 0.0
 Minimum: 3.4028235E38 Maximum: 0.0 Observations: 0
----------------------------------------------------------------------
----------------------------------------------------------------------

Report from observer FB_5_OBS
Statistics summary:
Active state idle time (or inter-arrival time for Generate states):
Average: NaN StdDev: 0.0 Variance: 0.0
 Minimum: 3.4028235E38 Maximum: 0.0 Observations: 0
----------------------------------------------------------------------
----------------------------------------------------------------------

Report from observer Q_6_OBS
Statistics summary:
Queue length:
Average: NaN StdDev: 0.0 Variance: 0.0
 Minimum: 3.4028235E38 Maximum: 0.0 Observations: 0
----------------------------------------------------------------------
----------------------------------------------------------------------

Report from observer Q_10_OBS
Statistics summary:
Queue length:
Average: 0.089965455 StdDev: 0.12893252 Variance: 0.016623594
 Minimum: 0.0 Maximum: 9.0 Observations: 21
----------------------------------------------------------------------
----------------------------------------------------------------------

Report from observer FB_6_OBS
Statistics summary:
Active state idle time (or inter-arrival time for Generate states):
Average: NaN StdDev: 0.0 Variance: 0.0
 Minimum: 3.4028235E38 Maximum: 0.0 Observations: 0
----------------------------------------------------------------------

          Histograms' report

Simulation Report End
