
                    Simulation Report

Simulation ended at time 500.00302
Statistics collected from instant 0.0 during 500.00302 time units.

          Observers' report
----------------------------------------------------------------------

Report from observer Q_7_OBS
Statistics summary:
Queue length:
Average: 0.03836977 StdDev: 0.044218764 Variance: 0.0019552992
 Minimum: 0.0 Maximum: 7.0 Observations: 19
----------------------------------------------------------------------
----------------------------------------------------------------------

Report from observer Q_11_OBS
Statistics summary:
Queue length:
Average: 0.089955464 StdDev: 0.1930912 Variance: 0.03728421
 Minimum: 0.0 Maximum: 9.0 Observations: 39
----------------------------------------------------------------------
----------------------------------------------------------------------

Report from observer Q_16_OBS
Statistics summary:
Queue length:
Average: 0.08999946 StdDev: 0.15716846 Variance: 0.024701925
 Minimum: 0.0 Maximum: 9.0 Observations: 28
----------------------------------------------------------------------
----------------------------------------------------------------------

Report from observer CONTROL_ALGORITHM_OBS
Statistics summary:
Number of resources permanencing in queue:
Average: 0.026385842 StdDev: 0.026940111 Variance: 7.2576955E-4
 Minimum: 0.0 Maximum: 1.0 Observations: 35
----------------------------------------------------------------------
----------------------------------------------------------------------

Report from observer Q_2_OBS
Statistics summary:
Queue length:
Average: 0.0027979822 StdDev: 0.0029036123 Variance: 8.430964E-6
 Minimum: 0.0 Maximum: 1.0 Observations: 14
----------------------------------------------------------------------
----------------------------------------------------------------------

Report from observer Q_12_OBS
Statistics summary:
Queue length:
Average: 0.1509651 StdDev: 0.24395923 Variance: 0.059516106
 Minimum: 0.0 Maximum: 10.0 Observations: 24
----------------------------------------------------------------------
----------------------------------------------------------------------

Report from observer A_4_OBS
Statistics summary:
Active state idle time (or inter-arrival time for Generate states):
Average: 0.7329445 StdDev: 0.14127237 Variance: 0.01995788
 Minimum: 0.697999 Maximum: 1.299 Observations: 18
----------------------------------------------------------------------
----------------------------------------------------------------------

Report from observer Q_15_OBS
Statistics summary:
Queue length:
Average: 0.0018019909 StdDev: 0.0028172133 Variance: 7.936691E-6
 Minimum: 0.0 Maximum: 1.0 Observations: 18
----------------------------------------------------------------------
----------------------------------------------------------------------

Report from observer TRAFFIC_AGENT_OBS
Statistics summary:
Number of resources permanencing in queue:
Average: 0.041179765 StdDev: 0.041068368 Variance: 0.001686611
 Minimum: 0.0 Maximum: 1.0 Observations: 57
----------------------------------------------------------------------
----------------------------------------------------------------------

Report from observer FB_3_OBS
Statistics summary:
Active state idle time (or inter-arrival time for Generate states):
Average: 1.014 StdDev: 0.96823364 Variance: 0.93747634
 Minimum: 0.599 Maximum: 3.1950002 Observations: 7
----------------------------------------------------------------------
----------------------------------------------------------------------

Report from observer SCCI_MODULE_OBS
Statistics summary:
Number of resources permanencing in queue:
Average: 0.005399967 StdDev: 0.013847331 Variance: 1.9174854E-4
 Minimum: 0.0 Maximum: 1.0 Observations: 17
----------------------------------------------------------------------
----------------------------------------------------------------------

Report from observer A_3_OBS
Statistics summary:
Active state idle time (or inter-arrival time for Generate states):
Average: 0.8001429 StdDev: 0.5462937 Variance: 0.2984368
 Minimum: 0.49900007 Maximum: 1.9970001 Observations: 7
----------------------------------------------------------------------
----------------------------------------------------------------------

Report from observer A_1_OBS
Statistics summary:
Active state idle time (or inter-arrival time for Generate states):
Average: 0.7100003 StdDev: 0.055583235 Variance: 0.0030894962
 Minimum: 0.6989994 Maximum: 0.9990001 Observations: 29
----------------------------------------------------------------------
----------------------------------------------------------------------

Report from observer FB_2_OBS
Statistics summary:
Active state idle time (or inter-arrival time for Generate states):
Average: 0.9420001 StdDev: 0.6560352 Variance: 0.43038216
 Minimum: 0.59800005 Maximum: 2.3950002 Observations: 7
----------------------------------------------------------------------
----------------------------------------------------------------------

Report from observer Q_14_OBS
Statistics summary:
Queue length:
Average: 0.0027939826 StdDev: 0.0028994707 Variance: 8.406931E-6
 Minimum: 0.0 Maximum: 1.0 Observations: 14
----------------------------------------------------------------------
----------------------------------------------------------------------

Report from observer FB_1_OBS
Statistics summary:
Active state idle time (or inter-arrival time for Generate states):
Average: 0.9158334 StdDev: 1.2151812 Variance: 1.4766655
 Minimum: 0.39900017 Maximum: 3.3950002 Observations: 6
----------------------------------------------------------------------
----------------------------------------------------------------------

Report from observer TRAFFIC_LIGHTS_OBS
Statistics summary:
Number of resources permanencing in queue:
Average: 0.007603954 StdDev: 0.021912262 Variance: 4.8014728E-4
 Minimum: 0.0 Maximum: 1.0 Observations: 28
----------------------------------------------------------------------
----------------------------------------------------------------------

Report from observer FB_7_OBS
Statistics summary:
Active state idle time (or inter-arrival time for Generate states):
Average: 1.2480001 StdDev: 1.3406743 Variance: 1.7974076
 Minimum: 0.3000002 Maximum: 2.196 Observations: 2
----------------------------------------------------------------------
----------------------------------------------------------------------

Report from observer OUT_OBS
Statistics summary:
Queue length:
Average: 0.036019783 StdDev: 0.028514149 Variance: 8.130567E-4
 Minimum: 0.0 Maximum: 8.0 Observations: 5
----------------------------------------------------------------------
----------------------------------------------------------------------

Report from observer A_2_OBS
Statistics summary:
Active state idle time (or inter-arrival time for Generate states):
Average: 0.7427143 StdDev: 0.40258417 Variance: 0.16207401
 Minimum: 0.49900007 Maximum: 1.598 Observations: 7
----------------------------------------------------------------------
----------------------------------------------------------------------

Report from observer Q_1_OBS
Statistics summary:
Queue length:
Average: 0.10170939 StdDev: 0.083053246 Variance: 0.0068978416
 Minimum: 0.0 Maximum: 10.0 Observations: 24
----------------------------------------------------------------------
----------------------------------------------------------------------

Report from observer INTERSECTION_OBS
Statistics summary:
Number of resources permanencing in queue:
Average: 0.0049919705 StdDev: 0.013073474 Variance: 1.7091572E-4
 Minimum: 0.0 Maximum: 1.0 Observations: 9
----------------------------------------------------------------------
----------------------------------------------------------------------

Report from observer Q_6_OBS
Statistics summary:
Queue length:
Average: 0.004407974 StdDev: 0.0062252996 Variance: 3.875435E-5
 Minimum: 0.0 Maximum: 1.0 Observations: 13
----------------------------------------------------------------------
----------------------------------------------------------------------

Report from observer Q_13_OBS
Statistics summary:
Queue length:
Average: 0.091107436 StdDev: 0.123417 Variance: 0.015231756
 Minimum: 0.0 Maximum: 9.0 Observations: 20
----------------------------------------------------------------------
----------------------------------------------------------------------

Report from observer SENSORS_OBS
Statistics summary:
Number of resources permanencing in queue:
Average: 0.014195914 StdDev: 0.030320074 Variance: 9.193068E-4
 Minimum: 0.0 Maximum: 1.0 Observations: 21
----------------------------------------------------------------------

          Histograms' report

Simulation Report End
