
                    Simulation Report

Simulation ended at time 500.00302
Statistics collected from instant 0.0 during 500.00302 time units.

          Observers' report
----------------------------------------------------------------------

Report from observer Q_7_OBS
Statistics summary:
Queue length:
Average: 0.017791895 StdDev: 0.016504582 Variance: 2.7240123E-4
 Minimum: 0.0 Maximum: 4.0 Observations: 15
----------------------------------------------------------------------
----------------------------------------------------------------------

Report from observer Q_11_OBS
Statistics summary:
Queue length:
Average: 0.089997455 StdDev: 0.15346716 Variance: 0.02355217
 Minimum: 0.0 Maximum: 9.0 Observations: 27
----------------------------------------------------------------------
----------------------------------------------------------------------

Report from observer A_1_OBS
Statistics summary:
Active state idle time (or inter-arrival time for Generate states):
Average: 0.71711755 StdDev: 0.07264117 Variance: 0.0052767396
 Minimum: 0.6989994 Maximum: 0.9990001 Observations: 17
----------------------------------------------------------------------
----------------------------------------------------------------------

Report from observer FB_2_OBS
Statistics summary:
Active state idle time (or inter-arrival time for Generate states):
Average: 0.8995001 StdDev: 0.57397795 Variance: 0.3294507
 Minimum: 0.20499992 Maximum: 1.8960001 Observations: 6
----------------------------------------------------------------------
----------------------------------------------------------------------

Report from observer Q_2_OBS
Statistics summary:
Queue length:
Average: 0.0019959887 StdDev: 0.0021039697 Variance: 4.426688E-6
 Minimum: 0.0 Maximum: 1.0 Observations: 10
----------------------------------------------------------------------
----------------------------------------------------------------------

Report from observer Q_14_OBS
Statistics summary:
Queue length:
Average: 0.0011919936 StdDev: 0.0012450247 Variance: 1.5500867E-6
 Minimum: 0.0 Maximum: 1.0 Observations: 12
----------------------------------------------------------------------
----------------------------------------------------------------------

Report from observer FB_1_OBS
Statistics summary:
Active state idle time (or inter-arrival time for Generate states):
Average: 1.1745 StdDev: 1.237448 Variance: 1.5312775
 Minimum: 0.39900017 Maximum: 2.996 Observations: 4
----------------------------------------------------------------------
----------------------------------------------------------------------

Report from observer TRAFFIC_LIGHTS_OBS
Statistics summary:
Number of resources permanencing in queue:
Average: 0.008407949 StdDev: 0.020122694 Variance: 4.0492282E-4
 Minimum: 0.0 Maximum: 1.0 Observations: 25
----------------------------------------------------------------------
----------------------------------------------------------------------

Report from observer FB_7_OBS
Statistics summary:
Active state idle time (or inter-arrival time for Generate states):
Average: 0.76500005 StdDev: 0.89519215 Variance: 0.801369
 Minimum: 0.19799995 Maximum: 1.797 Observations: 3
----------------------------------------------------------------------
----------------------------------------------------------------------

Report from observer Q_12_OBS
Statistics summary:
Queue length:
Average: 0.124935254 StdDev: 0.21625929 Variance: 0.04676808
 Minimum: 0.0 Maximum: 10.0 Observations: 22
----------------------------------------------------------------------
----------------------------------------------------------------------

Report from observer OUT_OBS
Statistics summary:
Queue length:
Average: 0.039227765 StdDev: 0.043061215 Variance: 0.0018542685
 Minimum: 0.0 Maximum: 8.0 Observations: 5
----------------------------------------------------------------------
----------------------------------------------------------------------

Report from observer A_2_OBS
Statistics summary:
Active state idle time (or inter-arrival time for Generate states):
Average: 0.7166667 StdDev: 0.41505542 Variance: 0.17227101
 Minimum: 0.10400009 Maximum: 1.299 Observations: 6
----------------------------------------------------------------------
----------------------------------------------------------------------

Report from observer Q_1_OBS
Statistics summary:
Queue length:
Average: 0.06970158 StdDev: 0.051298603 Variance: 0.0026315467
 Minimum: 0.0 Maximum: 9.0 Observations: 19
----------------------------------------------------------------------
----------------------------------------------------------------------

Report from observer Q_15_OBS
Statistics summary:
Queue length:
Average: 0.0010019928 StdDev: 0.002353885 Variance: 5.540775E-6
 Minimum: 0.0 Maximum: 1.0 Observations: 14
----------------------------------------------------------------------
----------------------------------------------------------------------

Report from observer INTERSECTION_OBS
Statistics summary:
Number of resources permanencing in queue:
Average: 0.0045899726 StdDev: 0.009936949 Variance: 9.874295E-5
 Minimum: 0.0 Maximum: 1.0 Observations: 8
----------------------------------------------------------------------
----------------------------------------------------------------------

Report from observer Q_6_OBS
Statistics summary:
Queue length:
Average: 0.0038099764 StdDev: 0.0071782023 Variance: 5.152659E-5
 Minimum: 0.0 Maximum: 1.0 Observations: 12
----------------------------------------------------------------------
----------------------------------------------------------------------

Report from observer TRAFFIC_AGENT_OBS
Statistics summary:
Number of resources permanencing in queue:
Average: 0.02438185 StdDev: 0.02425866 Variance: 5.8848254E-4
 Minimum: 0.0 Maximum: 1.0 Observations: 33
----------------------------------------------------------------------
----------------------------------------------------------------------

Report from observer FB_3_OBS
Statistics summary:
Active state idle time (or inter-arrival time for Generate states):
Average: 1.1388 StdDev: 0.93537426 Variance: 0.874925
 Minimum: 0.5999999 Maximum: 2.7960002 Observations: 5
----------------------------------------------------------------------
----------------------------------------------------------------------

Report from observer Q_13_OBS
Statistics summary:
Queue length:
Average: 0.09150543 StdDev: 0.11835403 Variance: 0.014007676
 Minimum: 0.0 Maximum: 9.0 Observations: 19
----------------------------------------------------------------------
----------------------------------------------------------------------

Report from observer SCCI_MODULE_OBS
Statistics summary:
Number of resources permanencing in queue:
Average: 0.004603972 StdDev: 0.01074006 Variance: 1.153489E-4
 Minimum: 0.0 Maximum: 1.0 Observations: 15
----------------------------------------------------------------------
----------------------------------------------------------------------

Report from observer A_3_OBS
Statistics summary:
Active state idle time (or inter-arrival time for Generate states):
Average: 0.95033336 StdDev: 0.47455984 Variance: 0.22520705
 Minimum: 0.30499983 Maximum: 1.6980001 Observations: 6
----------------------------------------------------------------------
----------------------------------------------------------------------

Report from observer SENSORS_OBS
Statistics summary:
Number of resources permanencing in queue:
Average: 0.011387932 StdDev: 0.022424862 Variance: 5.028744E-4
 Minimum: 0.0 Maximum: 1.0 Observations: 15
----------------------------------------------------------------------

          Histograms' report

Simulation Report End
