
                    Simulation Report

Simulation ended at time 500.00302
Statistics collected from instant 0.0 during 500.00302 time units.

          Observers' report
----------------------------------------------------------------------

Report from observer FB_4_OBS
Statistics summary:
Active state idle time (or inter-arrival time for Generate states):
Average: 0.4634547 StdDev: 0.5508305 Variance: 0.30341423
 Minimum: 0.19899988 Maximum: 2.0960002 Observations: 11
----------------------------------------------------------------------
----------------------------------------------------------------------

Report from observer FB_10_OBS
Statistics summary:
Active state idle time (or inter-arrival time for Generate states):
Average: NaN StdDev: 0.0 Variance: 0.0
 Minimum: 3.4028235E38 Maximum: 0.0 Observations: 0
----------------------------------------------------------------------
----------------------------------------------------------------------

Report from observer Q_7_OBS
Statistics summary:
Queue length:
Average: NaN StdDev: 0.0 Variance: 0.0
 Minimum: 3.4028235E38 Maximum: 0.0 Observations: 0
----------------------------------------------------------------------
----------------------------------------------------------------------

Report from observer Q_11_OBS
Statistics summary:
Queue length:
Average: 0.08994547 StdDev: 0.19007063 Variance: 0.03612684
 Minimum: 0.0 Maximum: 9.0 Observations: 38
----------------------------------------------------------------------
----------------------------------------------------------------------

Report from observer Q_2_OBS
Statistics summary:
Queue length:
Average: NaN StdDev: 0.0 Variance: 0.0
 Minimum: 3.4028235E38 Maximum: 0.0 Observations: 0
----------------------------------------------------------------------
----------------------------------------------------------------------

Report from observer Q_12_OBS
Statistics summary:
Queue length:
Average: 0.34476393 StdDev: 0.43569618 Variance: 0.18983114
 Minimum: 0.0 Maximum: 10.0 Observations: 44
----------------------------------------------------------------------
----------------------------------------------------------------------

Report from observer FB_9_OBS
Statistics summary:
Active state idle time (or inter-arrival time for Generate states):
Average: NaN StdDev: 0.0 Variance: 0.0
 Minimum: 3.4028235E38 Maximum: 0.0 Observations: 0
----------------------------------------------------------------------
----------------------------------------------------------------------

Report from observer Q_15_OBS
Statistics summary:
Queue length:
Average: 0.0 StdDev: 0.0 Variance: 0.0
 Minimum: 0.0 Maximum: 0.0 Observations: 22
----------------------------------------------------------------------
----------------------------------------------------------------------

Report from observer N_TRAFFIC_SENSOR_1_OBS
Statistics summary:
Number of resources permanencing in queue:
Average: NaN StdDev: 0.0 Variance: 0.0
 Minimum: 3.4028235E38 Maximum: 0.0 Observations: 0
----------------------------------------------------------------------
----------------------------------------------------------------------

Report from observer TRAFFIC_AGENT_OBS
Statistics summary:
Number of resources permanencing in queue:
Average: 0.03977977 StdDev: 0.03966778 Variance: 0.0015735329
 Minimum: 0.0 Maximum: 1.0 Observations: 55
----------------------------------------------------------------------
----------------------------------------------------------------------

Report from observer FB_3_OBS
Statistics summary:
Active state idle time (or inter-arrival time for Generate states):
Average: NaN StdDev: 0.0 Variance: 0.0
 Minimum: 3.4028235E38 Maximum: 0.0 Observations: 0
----------------------------------------------------------------------
----------------------------------------------------------------------

Report from observer Q_3_OBS
Statistics summary:
Queue length:
Average: 0.045975715 StdDev: 0.06866965 Variance: 0.004715521
 Minimum: 0.0 Maximum: 9.0 Observations: 21
----------------------------------------------------------------------
----------------------------------------------------------------------

Report from observer SCCI_MODULE_OBS
Statistics summary:
Number of resources permanencing in queue:
Average: 0.021783875 StdDev: 0.02287484 Variance: 5.232583E-4
 Minimum: 0.0 Maximum: 1.0 Observations: 33
----------------------------------------------------------------------
----------------------------------------------------------------------

Report from observer P_TRAFFIC_SENSOR_2_OBS
Statistics summary:
Number of resources permanencing in queue:
Average: NaN StdDev: 0.0 Variance: 0.0
 Minimum: 3.4028235E38 Maximum: 0.0 Observations: 0
----------------------------------------------------------------------
----------------------------------------------------------------------

Report from observer Q_4_OBS
Statistics summary:
Queue length:
Average: NaN StdDev: 0.0 Variance: 0.0
 Minimum: 3.4028235E38 Maximum: 0.0 Observations: 0
----------------------------------------------------------------------
----------------------------------------------------------------------

Report from observer A_3_OBS
Statistics summary:
Active state idle time (or inter-arrival time for Generate states):
Average: 0.45477268 StdDev: 0.29550952 Variance: 0.08732587
 Minimum: 0.2989998 Maximum: 1.6980001 Observations: 22
----------------------------------------------------------------------
----------------------------------------------------------------------

Report from observer Q_8_OBS
Statistics summary:
Queue length:
Average: 0.04396974 StdDev: 0.030694181 Variance: 9.421328E-4
 Minimum: 0.0 Maximum: 9.0 Observations: 10
----------------------------------------------------------------------
----------------------------------------------------------------------

Report from observer FB_8_OBS
Statistics summary:
Active state idle time (or inter-arrival time for Generate states):
Average: NaN StdDev: 0.0 Variance: 0.0
 Minimum: 3.4028235E38 Maximum: 0.0 Observations: 0
----------------------------------------------------------------------
----------------------------------------------------------------------

Report from observer N_TRAFFIC_SENSOR_2_OBS
Statistics summary:
Number of resources permanencing in queue:
Average: 0.010195941 StdDev: 0.019153068 Variance: 3.6684002E-4
 Minimum: 0.0 Maximum: 1.0 Observations: 21
----------------------------------------------------------------------
----------------------------------------------------------------------

Report from observer Q_5_OBS
Statistics summary:
Queue length:
Average: NaN StdDev: 0.0 Variance: 0.0
 Minimum: 3.4028235E38 Maximum: 0.0 Observations: 0
----------------------------------------------------------------------
----------------------------------------------------------------------

Report from observer A_1_OBS
Statistics summary:
Active state idle time (or inter-arrival time for Generate states):
Average: 0.71035737 StdDev: 0.05656949 Variance: 0.0032001073
 Minimum: 0.6989994 Maximum: 0.9990001 Observations: 28
----------------------------------------------------------------------
----------------------------------------------------------------------

Report from observer P_TRAFFIC_SENSOR_1_OBS
Statistics summary:
Number of resources permanencing in queue:
Average: NaN StdDev: 0.0 Variance: 0.0
 Minimum: 3.4028235E38 Maximum: 0.0 Observations: 0
----------------------------------------------------------------------
----------------------------------------------------------------------

Report from observer FB_2_OBS
Statistics summary:
Active state idle time (or inter-arrival time for Generate states):
Average: 0.26845452 StdDev: 0.35600662 Variance: 0.12674071
 Minimum: 0.09899998 Maximum: 1.797 Observations: 22
----------------------------------------------------------------------
----------------------------------------------------------------------

Report from observer Q_14_OBS
Statistics summary:
Queue length:
Average: 0.048705705 StdDev: 0.10557321 Variance: 0.011145703
 Minimum: 0.0 Maximum: 8.0 Observations: 27
----------------------------------------------------------------------
----------------------------------------------------------------------

Report from observer FB_1_OBS
Statistics summary:
Active state idle time (or inter-arrival time for Generate states):
Average: NaN StdDev: 0.0 Variance: 0.0
 Minimum: 3.4028235E38 Maximum: 0.0 Observations: 0
----------------------------------------------------------------------
----------------------------------------------------------------------

Report from observer Q_9_OBS
Statistics summary:
Queue length:
Average: NaN StdDev: 0.0 Variance: 0.0
 Minimum: 3.4028235E38 Maximum: 0.0 Observations: 0
----------------------------------------------------------------------
----------------------------------------------------------------------

Report from observer TRAFFIC_LIGHTS_OBS
Statistics summary:
Number of resources permanencing in queue:
Average: 0.0074439514 StdDev: 0.025849825 Variance: 6.682134E-4
 Minimum: 0.0 Maximum: 1.0 Observations: 54
----------------------------------------------------------------------
----------------------------------------------------------------------

Report from observer FB_7_OBS
Statistics summary:
Active state idle time (or inter-arrival time for Generate states):
Average: NaN StdDev: 0.0 Variance: 0.0
 Minimum: 3.4028235E38 Maximum: 0.0 Observations: 0
----------------------------------------------------------------------
----------------------------------------------------------------------

Report from observer OUT_OBS
Statistics summary:
Queue length:
Average: NaN StdDev: 0.0 Variance: 0.0
 Minimum: 3.4028235E38 Maximum: 0.0 Observations: 0
----------------------------------------------------------------------
----------------------------------------------------------------------

Report from observer A_2_OBS
Statistics summary:
Active state idle time (or inter-arrival time for Generate states):
Average: 0.6407061 StdDev: 0.1696411 Variance: 0.028778106
 Minimum: 0.5979996 Maximum: 1.299 Observations: 17
----------------------------------------------------------------------
----------------------------------------------------------------------

Report from observer Q_1_OBS
Statistics summary:
Queue length:
Average: 0.044929728 StdDev: 0.03022534 Variance: 9.135713E-4
 Minimum: 0.0 Maximum: 9.0 Observations: 10
----------------------------------------------------------------------
----------------------------------------------------------------------

Report from observer INTERSECTION_OBS
Statistics summary:
Number of resources permanencing in queue:
Average: NaN StdDev: 0.0 Variance: 0.0
 Minimum: 3.4028235E38 Maximum: 0.0 Observations: 0
----------------------------------------------------------------------
----------------------------------------------------------------------

Report from observer FB_5_OBS
Statistics summary:
Active state idle time (or inter-arrival time for Generate states):
Average: NaN StdDev: 0.0 Variance: 0.0
 Minimum: 3.4028235E38 Maximum: 0.0 Observations: 0
----------------------------------------------------------------------
----------------------------------------------------------------------

Report from observer Q_6_OBS
Statistics summary:
Queue length:
Average: NaN StdDev: 0.0 Variance: 0.0
 Minimum: 3.4028235E38 Maximum: 0.0 Observations: 0
----------------------------------------------------------------------
----------------------------------------------------------------------

Report from observer Q_10_OBS
Statistics summary:
Queue length:
Average: NaN StdDev: 0.0 Variance: 0.0
 Minimum: 3.4028235E38 Maximum: 0.0 Observations: 0
----------------------------------------------------------------------
----------------------------------------------------------------------

Report from observer Q_13_OBS
Statistics summary:
Queue length:
Average: 0.089997455 StdDev: 0.15346716 Variance: 0.02355217
 Minimum: 0.0 Maximum: 9.0 Observations: 27
----------------------------------------------------------------------
----------------------------------------------------------------------

Report from observer FB_6_OBS
Statistics summary:
Active state idle time (or inter-arrival time for Generate states):
Average: NaN StdDev: 0.0 Variance: 0.0
 Minimum: 3.4028235E38 Maximum: 0.0 Observations: 0
----------------------------------------------------------------------

          Histograms' report

Simulation Report End
