
                    Simulation Report

Simulation ended at time 500.00302
Statistics collected from instant 0.0 during 500.00302 time units.

          Observers' report
----------------------------------------------------------------------

Report from observer YELLOW_FOR_VTL_OBS
Statistics summary:
Active state idle time (or inter-arrival time for Generate states):
Average: NaN StdDev: 0.0 Variance: 0.0
 Minimum: 3.4028235E38 Maximum: 0.0 Observations: 0
----------------------------------------------------------------------
----------------------------------------------------------------------

Report from observer Q_16_OBS
Statistics summary:
Queue length:
Average: NaN StdDev: 0.0 Variance: 0.0
 Minimum: 3.4028235E38 Maximum: 0.0 Observations: 0
----------------------------------------------------------------------
----------------------------------------------------------------------

Report from observer OUT_3_OBS
Statistics summary:
Queue length:
Average: NaN StdDev: 0.0 Variance: 0.0
 Minimum: 3.4028235E38 Maximum: 0.0 Observations: 0
----------------------------------------------------------------------
----------------------------------------------------------------------

Report from observer Q_2_OBS
Statistics summary:
Queue length:
Average: NaN StdDev: 0.0 Variance: 0.0
 Minimum: 3.4028235E38 Maximum: 0.0 Observations: 0
----------------------------------------------------------------------
----------------------------------------------------------------------

Report from observer FB_NUMBER_OF_VEHICLES_ROAD_1_OBS
Statistics summary:
Active state idle time (or inter-arrival time for Generate states):
Average: NaN StdDev: 0.0 Variance: 0.0
 Minimum: 3.4028235E38 Maximum: 0.0 Observations: 0
----------------------------------------------------------------------
----------------------------------------------------------------------

Report from observer FB_NUMBER_OF_VEHICLES_ROAD_2_OBS
Statistics summary:
Active state idle time (or inter-arrival time for Generate states):
Average: NaN StdDev: 0.0 Variance: 0.0
 Minimum: 3.4028235E38 Maximum: 0.0 Observations: 0
----------------------------------------------------------------------
----------------------------------------------------------------------

Report from observer GENERATE_CA_OBS
Statistics summary:
Active state idle time (or inter-arrival time for Generate states):
Average: 0.99991405 StdDev: 0.0 Variance: 0.0
 Minimum: 0.9989929 Maximum: 1.0 Observations: 500
----------------------------------------------------------------------
----------------------------------------------------------------------

Report from observer INTERRUPT_FLOW_OF_VEHICLES_OBS
Statistics summary:
Active state idle time (or inter-arrival time for Generate states):
Average: NaN StdDev: 0.0 Variance: 0.0
 Minimum: 3.4028235E38 Maximum: 0.0 Observations: 0
----------------------------------------------------------------------
----------------------------------------------------------------------

Report from observer Q_15_OBS
Statistics summary:
Queue length:
Average: 0.039979763 StdDev: 0.031600464 Variance: 9.985893E-4
 Minimum: 0.0 Maximum: 8.0 Observations: 5
----------------------------------------------------------------------
----------------------------------------------------------------------

Report from observer GENERATE_VEHICLES_OBS
Statistics summary:
Active state idle time (or inter-arrival time for Generate states):
Average: 0.49994403 StdDev: 1.7478022E-4 Variance: 3.0548126E-8
 Minimum: 0.49899292 Maximum: 0.5 Observations: 1000
----------------------------------------------------------------------
----------------------------------------------------------------------

Report from observer CLOSE_PTL_OBS
Statistics summary:
Active state idle time (or inter-arrival time for Generate states):
Average: 0.85016656 StdDev: 0.3663626 Variance: 0.13422155
 Minimum: 0.6999998 Maximum: 1.598 Observations: 6
----------------------------------------------------------------------
----------------------------------------------------------------------

Report from observer TRAFFIC_AGENT_OBS
Statistics summary:
Number of resources permanencing in queue:
Average: 0.03977977 StdDev: 0.03966778 Variance: 0.0015735329
 Minimum: 0.0 Maximum: 1.0 Observations: 55
----------------------------------------------------------------------
----------------------------------------------------------------------

Report from observer Q_3_OBS
Statistics summary:
Queue length:
Average: NaN StdDev: 0.0 Variance: 0.0
 Minimum: 3.4028235E38 Maximum: 0.0 Observations: 0
----------------------------------------------------------------------
----------------------------------------------------------------------

Report from observer SCCI_MODULE_OBS
Statistics summary:
Number of resources permanencing in queue:
Average: 0.0102019375 StdDev: 0.011308734 Variance: 1.2788746E-4
 Minimum: 0.0 Maximum: 1.0 Observations: 11
----------------------------------------------------------------------
----------------------------------------------------------------------

Report from observer OUT_4_OBS
Statistics summary:
Queue length:
Average: NaN StdDev: 0.0 Variance: 0.0
 Minimum: 3.4028235E38 Maximum: 0.0 Observations: 0
----------------------------------------------------------------------
----------------------------------------------------------------------

Report from observer Q_4_OBS
Statistics summary:
Queue length:
Average: NaN StdDev: 0.0 Variance: 0.0
 Minimum: 3.4028235E38 Maximum: 0.0 Observations: 0
----------------------------------------------------------------------
----------------------------------------------------------------------

Report from observer GENERATE_API_DATA_OBS
Statistics summary:
Active state idle time (or inter-arrival time for Generate states):
Average: 0.009363885 StdDev: 4.8799312E-4 Variance: 2.3813728E-7
 Minimum: 0.008987427 Maximum: 0.010009766 Observations: 53396
----------------------------------------------------------------------
----------------------------------------------------------------------

Report from observer FLASHING_RED_FOR_PTL_OBS
Statistics summary:
Active state idle time (or inter-arrival time for Generate states):
Average: NaN StdDev: 0.0 Variance: 0.0
 Minimum: 3.4028235E38 Maximum: 0.0 Observations: 0
----------------------------------------------------------------------
----------------------------------------------------------------------

Report from observer OUT_5_OBS
Statistics summary:
Queue length:
Average: NaN StdDev: 0.0 Variance: 0.0
 Minimum: 3.4028235E38 Maximum: 0.0 Observations: 0
----------------------------------------------------------------------
----------------------------------------------------------------------

Report from observer QUEUE_C_ALG_OBS
Statistics summary:
Queue length:
Average: 0.089997455 StdDev: 0.15346716 Variance: 0.02355217
 Minimum: 0.0 Maximum: 9.0 Observations: 27
----------------------------------------------------------------------
----------------------------------------------------------------------

Report from observer FB_NUMBER_OF_EMERGENCY_VEHICLES_ROAD_1_OBS
Statistics summary:
Active state idle time (or inter-arrival time for Generate states):
Average: NaN StdDev: 0.0 Variance: 0.0
 Minimum: 3.4028235E38 Maximum: 0.0 Observations: 0
----------------------------------------------------------------------
----------------------------------------------------------------------

Report from observer Q_14_OBS
Statistics summary:
Queue length:
Average: NaN StdDev: 0.0 Variance: 0.0
 Minimum: 3.4028235E38 Maximum: 0.0 Observations: 0
----------------------------------------------------------------------
----------------------------------------------------------------------

Report from observer Q_9_OBS
Statistics summary:
Queue length:
Average: 0.13097122 StdDev: 0.22013344 Variance: 0.048458725
 Minimum: 0.0 Maximum: 10.0 Observations: 22
----------------------------------------------------------------------
----------------------------------------------------------------------

Report from observer TRAFFIC_LIGHTS_OBS
Statistics summary:
Number of resources permanencing in queue:
Average: NaN StdDev: 0.0 Variance: 0.0
 Minimum: 3.4028235E38 Maximum: 0.0 Observations: 0
----------------------------------------------------------------------
----------------------------------------------------------------------

Report from observer OUT_6_OBS
Statistics summary:
Queue length:
Average: NaN StdDev: 0.0 Variance: 0.0
 Minimum: 3.4028235E38 Maximum: 0.0 Observations: 0
----------------------------------------------------------------------
----------------------------------------------------------------------

Report from observer OUT_OBS
Statistics summary:
Queue length:
Average: NaN StdDev: 0.0 Variance: 0.0
 Minimum: 3.4028235E38 Maximum: 0.0 Observations: 0
----------------------------------------------------------------------
----------------------------------------------------------------------

Report from observer FB_ALL_VEHICLES_OBS
Statistics summary:
Active state idle time (or inter-arrival time for Generate states):
Average: NaN StdDev: 0.0 Variance: 0.0
 Minimum: 3.4028235E38 Maximum: 0.0 Observations: 0
----------------------------------------------------------------------
----------------------------------------------------------------------

Report from observer SET_VTL_TIMES_AND_N_OF_CYCLES_OBS
Statistics summary:
Active state idle time (or inter-arrival time for Generate states):
Average: 0.71035737 StdDev: 0.05656949 Variance: 0.0032001073
 Minimum: 0.6989994 Maximum: 0.9990001 Observations: 28
----------------------------------------------------------------------
----------------------------------------------------------------------

Report from observer Q_1_OBS
Statistics summary:
Queue length:
Average: 0.044929728 StdDev: 0.03022534 Variance: 9.135713E-4
 Minimum: 0.0 Maximum: 9.0 Observations: 10
----------------------------------------------------------------------
----------------------------------------------------------------------

Report from observer INTERSECTION_OBS
Statistics summary:
Number of resources permanencing in queue:
Average: NaN StdDev: 0.0 Variance: 0.0
 Minimum: 3.4028235E38 Maximum: 0.0 Observations: 0
----------------------------------------------------------------------
----------------------------------------------------------------------

Report from observer FB_NUMBER_OF_EMERGENCY_VEHICLES_ROAD_2_OBS
Statistics summary:
Active state idle time (or inter-arrival time for Generate states):
Average: NaN StdDev: 0.0 Variance: 0.0
 Minimum: 3.4028235E38 Maximum: 0.0 Observations: 0
----------------------------------------------------------------------
----------------------------------------------------------------------

Report from observer Q_13_OBS
Statistics summary:
Queue length:
Average: NaN StdDev: 0.0 Variance: 0.0
 Minimum: 3.4028235E38 Maximum: 0.0 Observations: 0
----------------------------------------------------------------------
----------------------------------------------------------------------

Report from observer Q_7_OBS
Statistics summary:
Queue length:
Average: NaN StdDev: 0.0 Variance: 0.0
 Minimum: 3.4028235E38 Maximum: 0.0 Observations: 0
----------------------------------------------------------------------
----------------------------------------------------------------------

Report from observer Q_11_OBS
Statistics summary:
Queue length:
Average: NaN StdDev: 0.0 Variance: 0.0
 Minimum: 3.4028235E38 Maximum: 0.0 Observations: 0
----------------------------------------------------------------------
----------------------------------------------------------------------

Report from observer CONTROL_ALGORITHM_OBS
Statistics summary:
Active state idle time (or inter-arrival time for Generate states):
Average: 0.7348236 StdDev: 0.14538795 Variance: 0.021137655
 Minimum: 0.697999 Maximum: 1.299 Observations: 17
----------------------------------------------------------------------
----------------------------------------------------------------------

Report from observer Q_12_OBS
Statistics summary:
Queue length:
Average: NaN StdDev: 0.0 Variance: 0.0
 Minimum: 3.4028235E38 Maximum: 0.0 Observations: 0
----------------------------------------------------------------------
----------------------------------------------------------------------

Report from observer N_TRAFFIC_SENSOR_1_OBS
Statistics summary:
Number of resources permanencing in queue:
Average: NaN StdDev: 0.0 Variance: 0.0
 Minimum: 3.4028235E38 Maximum: 0.0 Observations: 0
----------------------------------------------------------------------
----------------------------------------------------------------------

Report from observer SET_VTL_TIMES_OBS
Statistics summary:
Active state idle time (or inter-arrival time for Generate states):
Average: NaN StdDev: 0.0 Variance: 0.0
 Minimum: 3.4028235E38 Maximum: 0.0 Observations: 0
----------------------------------------------------------------------
----------------------------------------------------------------------

Report from observer P_TRAFFIC_SENSOR_2_OBS
Statistics summary:
Number of resources permanencing in queue:
Average: NaN StdDev: 0.0 Variance: 0.0
 Minimum: 3.4028235E38 Maximum: 0.0 Observations: 0
----------------------------------------------------------------------
----------------------------------------------------------------------

Report from observer OPEN_PTL_OBS
Statistics summary:
Active state idle time (or inter-arrival time for Generate states):
Average: NaN StdDev: 0.0 Variance: 0.0
 Minimum: 3.4028235E38 Maximum: 0.0 Observations: 0
----------------------------------------------------------------------
----------------------------------------------------------------------

Report from observer RELEASE_VEHICLE_FLOW_OBS
Statistics summary:
Active state idle time (or inter-arrival time for Generate states):
Average: NaN StdDev: 0.0 Variance: 0.0
 Minimum: 3.4028235E38 Maximum: 0.0 Observations: 0
----------------------------------------------------------------------
----------------------------------------------------------------------

Report from observer Q_8_OBS
Statistics summary:
Queue length:
Average: 0.08994547 StdDev: 0.19007063 Variance: 0.03612684
 Minimum: 0.0 Maximum: 9.0 Observations: 38
----------------------------------------------------------------------
----------------------------------------------------------------------

Report from observer Q_20_OBS
Statistics summary:
Queue length:
Average: NaN StdDev: 0.0 Variance: 0.0
 Minimum: 3.4028235E38 Maximum: 0.0 Observations: 0
----------------------------------------------------------------------
----------------------------------------------------------------------

Report from observer N_TRAFFIC_SENSOR_2_OBS
Statistics summary:
Number of resources permanencing in queue:
Average: NaN StdDev: 0.0 Variance: 0.0
 Minimum: 3.4028235E38 Maximum: 0.0 Observations: 0
----------------------------------------------------------------------
----------------------------------------------------------------------

Report from observer RELEASE_PEDESTRIAN_FLOW_OBS
Statistics summary:
Active state idle time (or inter-arrival time for Generate states):
Average: NaN StdDev: 0.0 Variance: 0.0
 Minimum: 3.4028235E38 Maximum: 0.0 Observations: 0
----------------------------------------------------------------------
----------------------------------------------------------------------

Report from observer Q_5_OBS
Statistics summary:
Queue length:
Average: NaN StdDev: 0.0 Variance: 0.0
 Minimum: 3.4028235E38 Maximum: 0.0 Observations: 0
----------------------------------------------------------------------
----------------------------------------------------------------------

Report from observer P_TRAFFIC_SENSOR_1_OBS
Statistics summary:
Number of resources permanencing in queue:
Average: NaN StdDev: 0.0 Variance: 0.0
 Minimum: 3.4028235E38 Maximum: 0.0 Observations: 0
----------------------------------------------------------------------
----------------------------------------------------------------------

Report from observer FB_VTL_AND_PTL_COLLOR_FINAL_OBS
Statistics summary:
Active state idle time (or inter-arrival time for Generate states):
Average: NaN StdDev: 0.0 Variance: 0.0
 Minimum: 3.4028235E38 Maximum: 0.0 Observations: 0
----------------------------------------------------------------------
----------------------------------------------------------------------

Report from observer FB_NUMBER_OF_N_VEHICLES_1_OBS
Statistics summary:
Active state idle time (or inter-arrival time for Generate states):
Average: NaN StdDev: 0.0 Variance: 0.0
 Minimum: 3.4028235E38 Maximum: 0.0 Observations: 0
----------------------------------------------------------------------
----------------------------------------------------------------------

Report from observer INTERRUPT_FLOW_OF_PEDESTRIAN_OBS
Statistics summary:
Active state idle time (or inter-arrival time for Generate states):
Average: NaN StdDev: 0.0 Variance: 0.0
 Minimum: 3.4028235E38 Maximum: 0.0 Observations: 0
----------------------------------------------------------------------
----------------------------------------------------------------------

Report from observer Q_19_OBS
Statistics summary:
Queue length:
Average: NaN StdDev: 0.0 Variance: 0.0
 Minimum: 3.4028235E38 Maximum: 0.0 Observations: 0
----------------------------------------------------------------------
----------------------------------------------------------------------

Report from observer Q_21_OBS
Statistics summary:
Queue length:
Average: NaN StdDev: 0.0 Variance: 0.0
 Minimum: 3.4028235E38 Maximum: 0.0 Observations: 0
----------------------------------------------------------------------
----------------------------------------------------------------------

Report from observer FB_NUMBER_OF_E_VEHICLES_1_OBS
Statistics summary:
Active state idle time (or inter-arrival time for Generate states):
Average: NaN StdDev: 0.0 Variance: 0.0
 Minimum: 3.4028235E38 Maximum: 0.0 Observations: 0
----------------------------------------------------------------------
----------------------------------------------------------------------

Report from observer Q_6_OBS
Statistics summary:
Queue length:
Average: NaN StdDev: 0.0 Variance: 0.0
 Minimum: 3.4028235E38 Maximum: 0.0 Observations: 0
----------------------------------------------------------------------
----------------------------------------------------------------------

Report from observer Q_10_OBS
Statistics summary:
Queue length:
Average: 0.08990744 StdDev: 0.10386518 Variance: 0.010787976
 Minimum: 0.0 Maximum: 9.0 Observations: 16
----------------------------------------------------------------------
----------------------------------------------------------------------

Report from observer OPEN_VTL_OBS
Statistics summary:
Active state idle time (or inter-arrival time for Generate states):
Average: NaN StdDev: 0.0 Variance: 0.0
 Minimum: 3.4028235E38 Maximum: 0.0 Observations: 0
----------------------------------------------------------------------
----------------------------------------------------------------------

Report from observer OUT_2_OBS
Statistics summary:
Queue length:
Average: NaN StdDev: 0.0 Variance: 0.0
 Minimum: 3.4028235E38 Maximum: 0.0 Observations: 0
----------------------------------------------------------------------
----------------------------------------------------------------------

Report from observer FB_NUMBER_OF_N_VEHICLES_2_OBS
Statistics summary:
Active state idle time (or inter-arrival time for Generate states):
Average: NaN StdDev: 0.0 Variance: 0.0
 Minimum: 3.4028235E38 Maximum: 0.0 Observations: 0
----------------------------------------------------------------------
----------------------------------------------------------------------

Report from observer Q_18_OBS
Statistics summary:
Queue length:
Average: NaN StdDev: 0.0 Variance: 0.0
 Minimum: 3.4028235E38 Maximum: 0.0 Observations: 0
----------------------------------------------------------------------
----------------------------------------------------------------------

Report from observer CLOSE_VTL_OBS
Statistics summary:
Active state idle time (or inter-arrival time for Generate states):
Average: NaN StdDev: 0.0 Variance: 0.0
 Minimum: 3.4028235E38 Maximum: 0.0 Observations: 0
----------------------------------------------------------------------
----------------------------------------------------------------------

Report from observer FB_NUMBER_OF_E_VEHICLES_2_OBS
Statistics summary:
Active state idle time (or inter-arrival time for Generate states):
Average: NaN StdDev: 0.0 Variance: 0.0
 Minimum: 3.4028235E38 Maximum: 0.0 Observations: 0
----------------------------------------------------------------------

          Histograms' report

Simulation Report End
