
                    Simulation Report

Simulation ended at time 500.95703
Statistics collected from instant 0.0 during 500.95703 time units.

          Observers' report
----------------------------------------------------------------------

Report from observer ACTIVITY_OBS
Statistics summary:
Active state idle time (or inter-arrival time for Generate states):
Average: 99.999405 StdDev: 0.0 Variance: 0.0
 Minimum: 99.99899 Maximum: 100.0 Observations: 5
----------------------------------------------------------------------
----------------------------------------------------------------------

Report from observer OUT_OBS
Statistics summary:
Queue length:
Average: 3.9923306 StdDev: 3.1562212 Variance: 9.961731
 Minimum: 0.0 Maximum: 8.0 Observations: 5
----------------------------------------------------------------------
----------------------------------------------------------------------

Report from observer IN_2_OBS
Statistics summary:
Queue length:
Average: 9.863377 StdDev: 16.60112 Variance: 275.59714
 Minimum: 0.0 Maximum: 10.0 Observations: 19
----------------------------------------------------------------------
----------------------------------------------------------------------

Report from observer IN_1_OBS
Statistics summary:
Queue length:
Average: 0.0 StdDev: 0.0 Variance: 0.0
 Minimum: 0.0 Maximum: 0.0 Observations: 5
----------------------------------------------------------------------

          Histograms' report

Simulation Report End
